<?xml version="1.0" encoding="UTF-8"?>
<testng-results skipped="0" failed="0" ignored="0" total="3" passed="3">
  <reporter-output>
  </reporter-output>
  <suite name="Default suite" duration-ms="229031" started-at="2019-03-06T01:56:09Z" finished-at="2019-03-06T01:59:58Z">
    <groups>
    </groups>
    <test name="Default test" duration-ms="229031" started-at="2019-03-06T01:56:09Z" finished-at="2019-03-06T01:59:58Z">
      <class name="demo.DemoTestDataProvider">
        <test-method status="PASS" signature="printTestData(java.lang.String, java.lang.String)[pri:0, instance:demo.DemoTestDataProvider@1725dc0f]" name="printTestData" duration-ms="43" started-at="2019-03-06T01:59:57Z" data-provider="getData" finished-at="2019-03-06T01:59:58Z">
          <params>
            <param index="0">
              <value>
                <![CDATA[Saurabh.d2106@gmail.com]]>
              </value>
            </param>
            <param index="1">
              <value>
                <![CDATA[abc@123]]>
              </value>
            </param>
          </params>
          <reporter-output>
          </reporter-output>
        </test-method> <!-- printTestData -->
        <test-method status="PASS" signature="printTestData(java.lang.String, java.lang.String)[pri:0, instance:demo.DemoTestDataProvider@1725dc0f]" name="printTestData" duration-ms="5" started-at="2019-03-06T01:59:58Z" data-provider="getData" finished-at="2019-03-06T01:59:58Z">
          <params>
            <param index="0">
              <value>
                <![CDATA[gaurav@qatechhub.com]]>
              </value>
            </param>
            <param index="1">
              <value>
                <![CDATA[345743dhf]]>
              </value>
            </param>
          </params>
          <reporter-output>
          </reporter-output>
        </test-method> <!-- printTestData -->
        <test-method status="PASS" signature="printTestData(java.lang.String, java.lang.String)[pri:0, instance:demo.DemoTestDataProvider@1725dc0f]" name="printTestData" duration-ms="17" started-at="2019-03-06T01:59:58Z" data-provider="getData" finished-at="2019-03-06T01:59:58Z">
          <params>
            <param index="0">
              <value>
                <![CDATA[parul@qatechhub.com]]>
              </value>
            </param>
            <param index="1">
              <value>
                <![CDATA[548sdjhfjk]]>
              </value>
            </param>
          </params>
          <reporter-output>
          </reporter-output>
        </test-method> <!-- printTestData -->
      </class> <!-- demo.DemoTestDataProvider -->
    </test> <!-- Default test -->
  </suite> <!-- Default suite -->
</testng-results>
