<?xml version="1.0" encoding="UTF-8"?>
<!-- Generated by org.testng.reporters.JUnitXMLReporter -->
<testsuite hostname="DESKTOP-R0QK2O8" ignored="0" name="All Test" tests="2" failures="1" timestamp="05 Mar 2019 02:03:28 GMT" time="53.651" errors="0">
  <testcase name="verifyTitleOfTheHomepage" time="0.068" classname="com.mercuryTravel.tests.HomePageTest">
    <failure type="java.lang.AssertionError" message="expected [Mercury Travels: Holiday Packages, Flight Booking, Hotels, Forex, Visa &amp;amp; Travel Insurance 1] but found [Mercury Travels: Holiday Packages, Flight Booking, Hotels, Forex, Visa &amp;amp; Travel Insurance]">
      <![CDATA[java.lang.AssertionError: expected [Mercury Travels: Holiday Packages, Flight Booking, Hotels, Forex, Visa & Travel Insurance 1] but found [Mercury Travels: Holiday Packages, Flight Booking, Hotels, Forex, Visa & Travel Insurance]
at com.mercuryTravel.tests.HomePageTest.verifyTitleOfTheHomepage(HomePageTest.java:23)
... Removed 31 stack frames]]>
    </failure>
  </testcase> <!-- verifyTitleOfTheHomepage -->
  <testcase name="verifyUserLoginWithCorrectCredentials" time="4.467" classname="com.mercuryTravel.tests.HomePageTest"/>
</testsuite> <!-- All Test -->
