<?xml version="1.0" encoding="UTF-8"?>
<!-- Generated by org.testng.reporters.JUnitXMLReporter -->
<testsuite hostname="DESKTOP-R0QK2O8" ignored="0" name="Default test" tests="3" failures="0" timestamp="06 Mar 2019 01:59:58 GMT" time="229.031" errors="0">
  <testcase name="printTestData" time="0.043" classname="demo.DemoTestDataProvider"/>
  <testcase name="printTestData" time="0.005" classname="demo.DemoTestDataProvider"/>
  <testcase name="printTestData" time="0.017" classname="demo.DemoTestDataProvider"/>
</testsuite> <!-- Default test -->
